24-09-29 17:14:40.223 - INFO:   name: multiscale-decomp_sidd_mse_q6
  use_tb_logger: True
  gpu_ids: []
  datasets:[
    sidd:[
      root: /home/csl/Data1/DIC/annotations/sidd_medium_srgb_test.json
      name: sidd
      batch_size: 1
      n_workers: 0
      use_shuffle: False
      cuda: False
      estimation: False
      phase: sidd
    ]
  ]
  network:[
    model: multiscale-decomp
  ]
  path:[
    root: ~/
    update: True
    experiments_root: ~/experiments/multiscale-decomp_sidd_mse_q6
    checkpoint_updated: ~/experiments/multiscale-decomp_sidd_mse_q6/checkpoint_updated
    results_root: ~/results/multiscale-decomp_sidd_mse_q6
    log: ~/results/multiscale-decomp_sidd_mse_q6
  ]
  is_train: False

